-------------------------------------------------------------------------------
Test set: com.example.HelloWorld.HelloWorldApplicationTests
-------------------------------------------------------------------------------
Tests run: 1, Failures: 0, Errors: 1, Skipped: 0, Time elapsed: 0.175 s <<< FAILURE! - in com.example.HelloWorld.HelloWorldApplicationTests
com.example.HelloWorld.HelloWorldApplicationTests  Time elapsed: 0.174 s  <<< ERROR!
java.lang.IllegalStateException: Unable to find a @SpringBootConfiguration, you need to use @ContextConfiguration or @SpringBootTest(classes=...) with your test

